  pch.cpp
c:\users\mateusz\source\repos\mes\mes\fem.h(9): warning C4244: 'argument': conversion from 'double' to 'const unsigned int', possible loss of data
c:\users\mateusz\source\repos\mes\mes\universalelement.h(20): warning C4244: 'argument': conversion from 'double' to 'const unsigned int', possible loss of data
c:\users\mateusz\source\repos\mes\mes\universalelement.h(21): warning C4244: 'argument': conversion from 'double' to 'const unsigned int', possible loss of data
  Element.cpp
  FEM.cpp
c:\users\mateusz\source\repos\mes\mes\fem.cpp(17): warning C4018: '<': signed/unsigned mismatch
  GlobalData.cpp
c:\users\mateusz\source\repos\mes\mes\globaldata.cpp(18): warning C4244: '=': conversion from '_Ty' to 'int', possible loss of data
          with
          [
              _Ty=double
          ]
c:\users\mateusz\source\repos\mes\mes\globaldata.cpp(19): warning C4244: '=': conversion from '_Ty' to 'int', possible loss of data
          with
          [
              _Ty=double
          ]
c:\users\mateusz\source\repos\mes\mes\globaldata.cpp(22): warning C4244: '=': conversion from '_Ty' to 'int', possible loss of data
          with
          [
              _Ty=double
          ]
  MES.cpp
  Node.cpp
  universalElement.cpp
  Generating Code...
  MES.vcxproj -> C:\Users\Mateusz\source\repos\MES\Debug\MES.exe
